<?xml version="1.0" encoding="UTF-8"?>
<testng-results ignored="0" total="1" passed="1" failed="0" skipped="0">
  <reporter-output>
  </reporter-output>
  <suite started-at="2019-05-22T18:47:30Z" name="Default suite" finished-at="2019-05-22T18:47:32Z" duration-ms="2888">
    <groups>
    </groups>
    <test started-at="2019-05-22T18:47:30Z" name="Default test" finished-at="2019-05-22T18:47:32Z" duration-ms="2888">
      <class name="testPage.ReadPdfFile">
        <test-method signature="pdfRead()[pri:0, instance:testPage.ReadPdfFile@534a5a98]" started-at="2019-05-22T18:47:30Z" name="pdfRead" finished-at="2019-05-22T18:47:32Z" duration-ms="2842" status="PASS">
          <reporter-output>
          </reporter-output>
        </test-method> <!-- pdfRead -->
      </class> <!-- testPage.ReadPdfFile -->
    </test> <!-- Default test -->
  </suite> <!-- Default suite -->
</testng-results>
